<?xml version="1.0" encoding="UTF-8"?>
<testng-results total="7" passed="7" failed="0" skipped="0">
  <reporter-output>
  </reporter-output>
  <suite started-at="2024-07-17T19:29:35Z" name="Test Suite for Buildout" finished-at="2024-07-17T19:31:19Z" duration-ms="104298">
    <groups>
    </groups>
    <test started-at="2024-07-17T19:29:35Z" name="Test Cases for Buildout" finished-at="2024-07-17T19:31:19Z" duration-ms="104298">
      <class name="demo.TestCases">
        <test-method is-config="true" signature="startBrowser()[pri:0, instance:demo.TestCases@62452cc9]" started-at="2024-07-18T00:59:35Z" name="startBrowser" finished-at="2024-07-18T00:59:39Z" duration-ms="4379" status="PASS">
          <reporter-output>
          </reporter-output>
        </test-method> <!-- startBrowser -->
        <test-method is-config="true" signature="openUrl()[pri:0, instance:demo.TestCases@62452cc9]" started-at="2024-07-18T00:59:39Z" name="openUrl" finished-at="2024-07-18T00:59:49Z" duration-ms="9745" status="PASS">
          <reporter-output>
          </reporter-output>
        </test-method> <!-- openUrl -->
        <test-method signature="testCase01()[pri:1, instance:demo.TestCases@62452cc9]" started-at="2024-07-18T00:59:49Z" name="testCase01" description="URL assertion and about page message printing" finished-at="2024-07-18T00:59:53Z" duration-ms="4291" status="PASS">
          <reporter-output>
          </reporter-output>
        </test-method> <!-- testCase01 -->
        <test-method is-config="true" signature="openUrl()[pri:0, instance:demo.TestCases@62452cc9]" started-at="2024-07-18T00:59:53Z" name="openUrl" finished-at="2024-07-18T00:59:56Z" duration-ms="2915" status="PASS">
          <reporter-output>
          </reporter-output>
        </test-method> <!-- openUrl -->
        <test-method signature="testCase02()[pri:2, instance:demo.TestCases@62452cc9]" started-at="2024-07-18T00:59:56Z" name="testCase02" description="Assertion for the movie is marked &#039;A&#039; for Mature or not and whether the movie is either &#039;Comedy&#039; or &#039;Animation&#039;" finished-at="2024-07-18T00:59:58Z" duration-ms="2248" status="PASS">
          <reporter-output>
          </reporter-output>
        </test-method> <!-- testCase02 -->
        <test-method is-config="true" signature="openUrl()[pri:0, instance:demo.TestCases@62452cc9]" started-at="2024-07-18T00:59:58Z" name="openUrl" finished-at="2024-07-18T01:00:00Z" duration-ms="1961" status="PASS">
          <reporter-output>
          </reporter-output>
        </test-method> <!-- openUrl -->
        <test-method signature="testCase03()[pri:3, instance:demo.TestCases@62452cc9]" started-at="2024-07-18T01:00:00Z" name="testCase03" description="URL assertion and about page message printing" finished-at="2024-07-18T01:00:07Z" duration-ms="6206" status="PASS">
          <reporter-output>
          </reporter-output>
        </test-method> <!-- testCase03 -->
        <test-method is-config="true" signature="openUrl()[pri:0, instance:demo.TestCases@62452cc9]" started-at="2024-07-18T01:00:07Z" name="openUrl" finished-at="2024-07-18T01:00:08Z" duration-ms="1627" status="PASS">
          <reporter-output>
          </reporter-output>
        </test-method> <!-- openUrl -->
        <test-method signature="testCase04()[pri:4, instance:demo.TestCases@62452cc9]" started-at="2024-07-18T01:00:08Z" name="testCase04" description="URL assertion and about page message printing" finished-at="2024-07-18T01:00:17Z" duration-ms="9257" status="PASS">
          <reporter-output>
          </reporter-output>
        </test-method> <!-- testCase04 -->
        <test-method is-config="true" signature="openUrl()[pri:0, instance:demo.TestCases@62452cc9]" started-at="2024-07-18T01:00:19Z" name="openUrl" finished-at="2024-07-18T01:00:21Z" duration-ms="1620" status="PASS">
          <reporter-output>
          </reporter-output>
        </test-method> <!-- openUrl -->
        <test-method signature="testCase05(java.lang.String)[pri:5, instance:demo.TestCases@62452cc9]" started-at="2024-07-18T01:00:21Z" name="testCase05" data-provider="excelData" finished-at="2024-07-18T01:00:38Z" duration-ms="17714" status="PASS">
          <params>
            <param index="0">
              <value>
                <![CDATA[Movies]]>
              </value>
            </param>
          </params>
          <reporter-output>
          </reporter-output>
        </test-method> <!-- testCase05 -->
        <test-method is-config="true" signature="openUrl()[pri:0, instance:demo.TestCases@62452cc9]" started-at="2024-07-18T01:00:38Z" name="openUrl" finished-at="2024-07-18T01:00:41Z" duration-ms="2600" status="PASS">
          <reporter-output>
          </reporter-output>
        </test-method> <!-- openUrl -->
        <test-method signature="testCase05(java.lang.String)[pri:5, instance:demo.TestCases@62452cc9]" started-at="2024-07-18T01:00:41Z" name="testCase05" data-provider="excelData" finished-at="2024-07-18T01:00:54Z" duration-ms="12836" status="PASS">
          <params>
            <param index="0">
              <value>
                <![CDATA[Music]]>
              </value>
            </param>
          </params>
          <reporter-output>
          </reporter-output>
        </test-method> <!-- testCase05 -->
        <test-method is-config="true" signature="openUrl()[pri:0, instance:demo.TestCases@62452cc9]" started-at="2024-07-18T01:00:54Z" name="openUrl" finished-at="2024-07-18T01:01:03Z" duration-ms="9229" status="PASS">
          <reporter-output>
          </reporter-output>
        </test-method> <!-- openUrl -->
        <test-method signature="testCase05(java.lang.String)[pri:5, instance:demo.TestCases@62452cc9]" started-at="2024-07-18T01:01:03Z" name="testCase05" data-provider="excelData" finished-at="2024-07-18T01:01:18Z" duration-ms="14925" status="PASS">
          <params>
            <param index="0">
              <value>
                <![CDATA[Games]]>
              </value>
            </param>
          </params>
          <reporter-output>
          </reporter-output>
        </test-method> <!-- testCase05 -->
        <test-method is-config="true" signature="endTest()[pri:0, instance:demo.TestCases@62452cc9]" started-at="2024-07-18T01:01:18Z" name="endTest" finished-at="2024-07-18T01:01:19Z" duration-ms="1235" status="PASS">
          <reporter-output>
          </reporter-output>
        </test-method> <!-- endTest -->
      </class> <!-- demo.TestCases -->
    </test> <!-- Test Cases for Buildout -->
  </suite> <!-- Test Suite for Buildout -->
</testng-results>
